<?xml version="1.0" encoding="UTF-8"?>
<testng-results skipped="0" failed="0" ignored="0" total="1" passed="1">
  <reporter-output>
  </reporter-output>
  <suite name="Suite" duration-ms="45271" started-at="2021-09-02T00:33:00 AEST" finished-at="2021-09-02T00:33:46 AEST">
    <groups>
      <group name="cucumber">
        <method signature="AbstractTestNGCucumberTests.feature(cucumber.api.testng.CucumberFeatureWrapper)[pri:0, instance:Testrunner.testrunner@6c6cb480]" name="feature" class="cucumber.api.testng.AbstractTestNGCucumberTests"/>
      </group> <!-- cucumber -->
    </groups>
    <test name="HomePage" duration-ms="45271" started-at="2021-09-02T00:33:00 AEST" finished-at="2021-09-02T00:33:46 AEST">
      <class name="Testrunner.testrunner">
        <test-method status="PASS" signature="setUpClass()[pri:0, instance:Testrunner.testrunner@6c6cb480]" name="setUpClass" is-config="true" duration-ms="328" started-at="2021-09-02T00:33:00 AEST" finished-at="2021-09-02T00:33:01 AEST">
          <reporter-output>
          </reporter-output>
        </test-method> <!-- setUpClass -->
        <test-method status="PASS" signature="feature(cucumber.api.testng.CucumberFeatureWrapper)[pri:0, instance:Testrunner.testrunner@6c6cb480]" name="feature" duration-ms="44725" started-at="2021-09-02T00:33:01 AEST" description="Runs Cucumber Feature" data-provider="features" finished-at="2021-09-02T00:33:46 AEST">
          <params>
            <param index="0">
              <value>
                <![CDATA[Automation Practise dresses page]]>
              </value>
            </param>
          </params>
          <reporter-output>
          </reporter-output>
        </test-method> <!-- feature -->
        <test-method status="PASS" signature="tearDownClass()[pri:0, instance:Testrunner.testrunner@6c6cb480]" name="tearDownClass" is-config="true" duration-ms="47" started-at="2021-09-02T00:33:46 AEST" finished-at="2021-09-02T00:33:46 AEST">
          <reporter-output>
          </reporter-output>
        </test-method> <!-- tearDownClass -->
      </class> <!-- Testrunner.testrunner -->
    </test> <!-- HomePage -->
  </suite> <!-- Suite -->
</testng-results>
